20:51:37:873  INFO 17308 --- [main] com.anihub.gateway.GatewayApplication    : The following 1 profile is active: "dev"
20:51:38:489  INFO 17308 --- [main] o.s.cloud.context.scope.GenericScope     : BeanFactory id=300c4c55-d4a7-398d-86c0-002616535996
20:51:38:552  INFO 17308 --- [main] trationDelegate$BeanPostProcessorChecker : Bean 'org.springframework.cloud.client.loadbalancer.reactive.LoadBalancerBeanPostProcessorAutoConfiguration' of type [org.springframework.cloud.client.loadbalancer.reactive.LoadBalancerBeanPostProcessorAutoConfiguration] is not eligible for getting processed by all BeanPostProcessors (for example: not eligible for auto-proxying)
20:51:38:553  INFO 17308 --- [main] trationDelegate$BeanPostProcessorChecker : Bean 'org.springframework.cloud.client.loadbalancer.reactive.LoadBalancerBeanPostProcessorAutoConfiguration$ReactorDeferringLoadBalancerFilterConfig' of type [org.springframework.cloud.client.loadbalancer.reactive.LoadBalancerBeanPostProcessorAutoConfiguration$ReactorDeferringLoadBalancerFilterConfig] is not eligible for getting processed by all BeanPostProcessors (for example: not eligible for auto-proxying)
20:51:38:554  INFO 17308 --- [main] trationDelegate$BeanPostProcessorChecker : Bean 'reactorDeferringLoadBalancerExchangeFilterFunction' of type [org.springframework.cloud.client.loadbalancer.reactive.DeferringLoadBalancerExchangeFilterFunction] is not eligible for getting processed by all BeanPostProcessors (for example: not eligible for auto-proxying)
20:51:40:438  INFO 17308 --- [main] o.s.cloud.commons.util.InetUtils         : Cannot determine local hostname
20:51:41:647  INFO 17308 --- [main] o.s.cloud.commons.util.InetUtils         : Cannot determine local hostname
20:51:42:014  INFO 17308 --- [main] o.s.c.g.r.RouteDefinitionRouteLocator    : Loaded RoutePredicateFactory [After]
20:51:42:014  INFO 17308 --- [main] o.s.c.g.r.RouteDefinitionRouteLocator    : Loaded RoutePredicateFactory [Before]
20:51:42:014  INFO 17308 --- [main] o.s.c.g.r.RouteDefinitionRouteLocator    : Loaded RoutePredicateFactory [Between]
20:51:42:014  INFO 17308 --- [main] o.s.c.g.r.RouteDefinitionRouteLocator    : Loaded RoutePredicateFactory [Cookie]
20:51:42:014  INFO 17308 --- [main] o.s.c.g.r.RouteDefinitionRouteLocator    : Loaded RoutePredicateFactory [Header]
20:51:42:014  INFO 17308 --- [main] o.s.c.g.r.RouteDefinitionRouteLocator    : Loaded RoutePredicateFactory [Host]
20:51:42:014  INFO 17308 --- [main] o.s.c.g.r.RouteDefinitionRouteLocator    : Loaded RoutePredicateFactory [Method]
20:51:42:014  INFO 17308 --- [main] o.s.c.g.r.RouteDefinitionRouteLocator    : Loaded RoutePredicateFactory [Path]
20:51:42:015  INFO 17308 --- [main] o.s.c.g.r.RouteDefinitionRouteLocator    : Loaded RoutePredicateFactory [Query]
20:51:42:015  INFO 17308 --- [main] o.s.c.g.r.RouteDefinitionRouteLocator    : Loaded RoutePredicateFactory [ReadBody]
20:51:42:015  INFO 17308 --- [main] o.s.c.g.r.RouteDefinitionRouteLocator    : Loaded RoutePredicateFactory [RemoteAddr]
20:51:42:015  INFO 17308 --- [main] o.s.c.g.r.RouteDefinitionRouteLocator    : Loaded RoutePredicateFactory [XForwardedRemoteAddr]
20:51:42:015  INFO 17308 --- [main] o.s.c.g.r.RouteDefinitionRouteLocator    : Loaded RoutePredicateFactory [Weight]
20:51:42:015  INFO 17308 --- [main] o.s.c.g.r.RouteDefinitionRouteLocator    : Loaded RoutePredicateFactory [CloudFoundryRouteService]
20:51:43:400  INFO 17308 --- [main] o.s.cloud.commons.util.InetUtils         : Cannot determine local hostname
20:51:43:846  INFO 17308 --- [main] com.alibaba.nacos.common.remote.client   : [RpcClientFactory] create a new rpc client of 3b79d408-8f25-4032-8d6f-87bac405fc3e
20:51:43:851  INFO 17308 --- [main] com.alibaba.nacos.common.remote.client   : [3b79d408-8f25-4032-8d6f-87bac405fc3e] RpcClient init label, labels = {module=naming, source=sdk}
20:51:43:853  INFO 17308 --- [main] com.alibaba.nacos.common.remote.client   : [3b79d408-8f25-4032-8d6f-87bac405fc3e] RpcClient init, ServerListFactory = com.alibaba.nacos.client.naming.core.ServerListManager
20:51:43:854  INFO 17308 --- [main] com.alibaba.nacos.common.remote.client   : [3b79d408-8f25-4032-8d6f-87bac405fc3e] Registry connection listener to current client:com.alibaba.nacos.client.naming.remote.gprc.redo.NamingGrpcRedoService
20:51:43:854  INFO 17308 --- [main] com.alibaba.nacos.common.remote.client   : [3b79d408-8f25-4032-8d6f-87bac405fc3e] Register server push request handler:com.alibaba.nacos.client.naming.remote.gprc.NamingPushRequestHandler
20:51:43:855  INFO 17308 --- [main] com.alibaba.nacos.common.remote.client   : [3b79d408-8f25-4032-8d6f-87bac405fc3e] Try to connect to server on start up, server: {serverIp = '101.42.35.103', server main port = 8848}
20:51:44:054  INFO 17308 --- [main] com.alibaba.nacos.common.remote.client   : [3b79d408-8f25-4032-8d6f-87bac405fc3e] Success to connect to server [101.42.35.103:8848] on start up, connectionId = 1717851103957_111.43.134.100_59277
20:51:44:054  INFO 17308 --- [main] com.alibaba.nacos.common.remote.client   : [3b79d408-8f25-4032-8d6f-87bac405fc3e] Register server push request handler:com.alibaba.nacos.common.remote.client.RpcClient$ConnectResetRequestHandler
20:51:44:054  INFO 17308 --- [main] com.alibaba.nacos.common.remote.client   : [3b79d408-8f25-4032-8d6f-87bac405fc3e] Register server push request handler:com.alibaba.nacos.common.remote.client.RpcClient$$Lambda$477/0x000001c2854f7cb0
20:51:44:054  INFO 17308 --- [com.alibaba.nacos.client.remote.worker] com.alibaba.nacos.common.remote.client   : [3b79d408-8f25-4032-8d6f-87bac405fc3e] Notify connected event to listeners.
20:51:44:333  INFO 17308 --- [main] o.s.b.web.embedded.netty.NettyWebServer  : Netty started on port 8080
20:51:44:647  INFO 17308 --- [nacos-grpc-client-executor-4] com.alibaba.nacos.common.remote.client   : [3b79d408-8f25-4032-8d6f-87bac405fc3e] Receive server push request, request = NotifySubscriberRequest, requestId = 15
20:51:44:658  INFO 17308 --- [nacos-grpc-client-executor-4] com.alibaba.nacos.common.remote.client   : [3b79d408-8f25-4032-8d6f-87bac405fc3e] Ack server push request, request = NotifySubscriberRequest, requestId = 15
20:51:45:539  INFO 17308 --- [main] o.s.cloud.commons.util.InetUtils         : Cannot determine local hostname
20:51:46:743  INFO 17308 --- [main] o.s.cloud.commons.util.InetUtils         : Cannot determine local hostname
20:51:46:783  INFO 17308 --- [main] c.a.c.n.registry.NacosServiceRegistry    : nacos registry, DEFAULT_GROUP gateway 192.168.233.1:8080 register finished
20:51:46:797  INFO 17308 --- [main] com.anihub.gateway.GatewayApplication    : Started GatewayApplication in 13.952 seconds (JVM running for 14.671)
20:51:46:802  INFO 17308 --- [main] c.a.c.n.refresh.NacosContextRefresher    : [Nacos Config] Listening config: dataId=gateway.yaml, group=DEFAULT_GROUP
20:51:46:803  INFO 17308 --- [main] c.a.c.n.refresh.NacosContextRefresher    : [Nacos Config] Listening config: dataId=gateway-dev.yaml, group=DEFAULT_GROUP
20:51:46:804  INFO 17308 --- [main] c.a.c.n.refresh.NacosContextRefresher    : [Nacos Config] Listening config: dataId=gateway, group=DEFAULT_GROUP
20:51:47:342  INFO 17308 --- [nacos-grpc-client-executor-9] com.alibaba.nacos.common.remote.client   : [3b79d408-8f25-4032-8d6f-87bac405fc3e] Receive server push request, request = NotifySubscriberRequest, requestId = 16
20:51:47:349  INFO 17308 --- [nacos-grpc-client-executor-9] com.alibaba.nacos.common.remote.client   : [3b79d408-8f25-4032-8d6f-87bac405fc3e] Ack server push request, request = NotifySubscriberRequest, requestId = 16
20:55:47:216  WARN 17308 --- [Thread-5] c.a.nacos.common.notify.NotifyCenter     : [NotifyCenter] Start destroying Publisher
20:55:47:216  WARN 17308 --- [Thread-1] c.a.n.common.http.HttpClientBeanHolder   : [HttpClientBeanHolder] Start destroying common HttpClient
20:55:47:217  WARN 17308 --- [Thread-5] c.a.nacos.common.notify.NotifyCenter     : [NotifyCenter] Destruction of the end
20:55:47:227  WARN 17308 --- [Thread-1] c.a.n.common.http.HttpClientBeanHolder   : [HttpClientBeanHolder] Destruction of the end
20:55:47:272  INFO 17308 --- [SpringApplicationShutdownHook] c.a.c.n.registry.NacosServiceRegistry    : De-registering from Nacos Server now...
20:55:47:305  INFO 17308 --- [SpringApplicationShutdownHook] c.a.c.n.registry.NacosServiceRegistry    : De-registration finished.
20:55:47:312  INFO 17308 --- [SpringApplicationShutdownHook] com.alibaba.nacos.common.remote.client   : Shutdown rpc client, set status to shutdown
20:55:47:312  INFO 17308 --- [SpringApplicationShutdownHook] com.alibaba.nacos.common.remote.client   : Shutdown client event executor java.util.concurrent.ScheduledThreadPoolExecutor@5f5cf43a[Running, pool size = 2, active threads = 2, queued tasks = 0, completed tasks = 0]
20:55:47:312  INFO 17308 --- [SpringApplicationShutdownHook] com.alibaba.nacos.common.remote.client   : Close current connection 1717851103957_111.43.134.100_59277
20:55:47:320  INFO 17308 --- [SpringApplicationShutdownHook] c.a.n.c.remote.client.grpc.GrpcClient    : Shutdown grpc executor java.util.concurrent.ThreadPoolExecutor@40622b00[Running, pool size = 4, active threads = 0, queued tasks = 0, completed tasks = 60]
20:56:01:056  INFO 15096 --- [main] com.anihub.gateway.GatewayApplication    : The following 1 profile is active: "dev"
20:56:01:719  INFO 15096 --- [main] o.s.cloud.context.scope.GenericScope     : BeanFactory id=d23408c2-0609-3183-abd5-fab4da1864b8
20:56:01:796  INFO 15096 --- [main] trationDelegate$BeanPostProcessorChecker : Bean 'org.springframework.cloud.client.loadbalancer.reactive.LoadBalancerBeanPostProcessorAutoConfiguration' of type [org.springframework.cloud.client.loadbalancer.reactive.LoadBalancerBeanPostProcessorAutoConfiguration] is not eligible for getting processed by all BeanPostProcessors (for example: not eligible for auto-proxying)
20:56:01:797  INFO 15096 --- [main] trationDelegate$BeanPostProcessorChecker : Bean 'org.springframework.cloud.client.loadbalancer.reactive.LoadBalancerBeanPostProcessorAutoConfiguration$ReactorDeferringLoadBalancerFilterConfig' of type [org.springframework.cloud.client.loadbalancer.reactive.LoadBalancerBeanPostProcessorAutoConfiguration$ReactorDeferringLoadBalancerFilterConfig] is not eligible for getting processed by all BeanPostProcessors (for example: not eligible for auto-proxying)
20:56:01:799  INFO 15096 --- [main] trationDelegate$BeanPostProcessorChecker : Bean 'reactorDeferringLoadBalancerExchangeFilterFunction' of type [org.springframework.cloud.client.loadbalancer.reactive.DeferringLoadBalancerExchangeFilterFunction] is not eligible for getting processed by all BeanPostProcessors (for example: not eligible for auto-proxying)
20:56:04:005  INFO 15096 --- [main] o.s.cloud.commons.util.InetUtils         : Cannot determine local hostname
20:56:05:234  INFO 15096 --- [main] o.s.cloud.commons.util.InetUtils         : Cannot determine local hostname
20:56:05:576  INFO 15096 --- [main] o.s.c.g.r.RouteDefinitionRouteLocator    : Loaded RoutePredicateFactory [After]
20:56:05:576  INFO 15096 --- [main] o.s.c.g.r.RouteDefinitionRouteLocator    : Loaded RoutePredicateFactory [Before]
20:56:05:576  INFO 15096 --- [main] o.s.c.g.r.RouteDefinitionRouteLocator    : Loaded RoutePredicateFactory [Between]
20:56:05:577  INFO 15096 --- [main] o.s.c.g.r.RouteDefinitionRouteLocator    : Loaded RoutePredicateFactory [Cookie]
20:56:05:577  INFO 15096 --- [main] o.s.c.g.r.RouteDefinitionRouteLocator    : Loaded RoutePredicateFactory [Header]
20:56:05:577  INFO 15096 --- [main] o.s.c.g.r.RouteDefinitionRouteLocator    : Loaded RoutePredicateFactory [Host]
20:56:05:577  INFO 15096 --- [main] o.s.c.g.r.RouteDefinitionRouteLocator    : Loaded RoutePredicateFactory [Method]
20:56:05:577  INFO 15096 --- [main] o.s.c.g.r.RouteDefinitionRouteLocator    : Loaded RoutePredicateFactory [Path]
20:56:05:577  INFO 15096 --- [main] o.s.c.g.r.RouteDefinitionRouteLocator    : Loaded RoutePredicateFactory [Query]
20:56:05:577  INFO 15096 --- [main] o.s.c.g.r.RouteDefinitionRouteLocator    : Loaded RoutePredicateFactory [ReadBody]
20:56:05:577  INFO 15096 --- [main] o.s.c.g.r.RouteDefinitionRouteLocator    : Loaded RoutePredicateFactory [RemoteAddr]
20:56:05:577  INFO 15096 --- [main] o.s.c.g.r.RouteDefinitionRouteLocator    : Loaded RoutePredicateFactory [XForwardedRemoteAddr]
20:56:05:577  INFO 15096 --- [main] o.s.c.g.r.RouteDefinitionRouteLocator    : Loaded RoutePredicateFactory [Weight]
20:56:05:577  INFO 15096 --- [main] o.s.c.g.r.RouteDefinitionRouteLocator    : Loaded RoutePredicateFactory [CloudFoundryRouteService]
20:56:06:988  INFO 15096 --- [main] o.s.cloud.commons.util.InetUtils         : Cannot determine local hostname
20:56:07:528  INFO 15096 --- [main] com.alibaba.nacos.common.remote.client   : [RpcClientFactory] create a new rpc client of 5546ceab-627b-4b7f-a6e5-5861f7844ea8
20:56:07:529  INFO 15096 --- [main] com.alibaba.nacos.common.remote.client   : [5546ceab-627b-4b7f-a6e5-5861f7844ea8] RpcClient init label, labels = {module=naming, source=sdk}
20:56:07:530  INFO 15096 --- [main] com.alibaba.nacos.common.remote.client   : [5546ceab-627b-4b7f-a6e5-5861f7844ea8] RpcClient init, ServerListFactory = com.alibaba.nacos.client.naming.core.ServerListManager
20:56:07:530  INFO 15096 --- [main] com.alibaba.nacos.common.remote.client   : [5546ceab-627b-4b7f-a6e5-5861f7844ea8] Registry connection listener to current client:com.alibaba.nacos.client.naming.remote.gprc.redo.NamingGrpcRedoService
20:56:07:530  INFO 15096 --- [main] com.alibaba.nacos.common.remote.client   : [5546ceab-627b-4b7f-a6e5-5861f7844ea8] Register server push request handler:com.alibaba.nacos.client.naming.remote.gprc.NamingPushRequestHandler
20:56:07:532  INFO 15096 --- [main] com.alibaba.nacos.common.remote.client   : [5546ceab-627b-4b7f-a6e5-5861f7844ea8] Try to connect to server on start up, server: {serverIp = '101.42.35.103', server main port = 8848}
20:56:07:739  INFO 15096 --- [main] com.alibaba.nacos.common.remote.client   : [5546ceab-627b-4b7f-a6e5-5861f7844ea8] Success to connect to server [101.42.35.103:8848] on start up, connectionId = 1717851367635_111.43.134.100_4026
20:56:07:739  INFO 15096 --- [main] com.alibaba.nacos.common.remote.client   : [5546ceab-627b-4b7f-a6e5-5861f7844ea8] Register server push request handler:com.alibaba.nacos.common.remote.client.RpcClient$ConnectResetRequestHandler
20:56:07:739  INFO 15096 --- [main] com.alibaba.nacos.common.remote.client   : [5546ceab-627b-4b7f-a6e5-5861f7844ea8] Register server push request handler:com.alibaba.nacos.common.remote.client.RpcClient$$Lambda$477/0x0000011f014e6780
20:56:07:739  INFO 15096 --- [com.alibaba.nacos.client.remote.worker] com.alibaba.nacos.common.remote.client   : [5546ceab-627b-4b7f-a6e5-5861f7844ea8] Notify connected event to listeners.
20:56:08:051  INFO 15096 --- [main] o.s.b.web.embedded.netty.NettyWebServer  : Netty started on port 8080
20:56:08:364  INFO 15096 --- [nacos-grpc-client-executor-4] com.alibaba.nacos.common.remote.client   : [5546ceab-627b-4b7f-a6e5-5861f7844ea8] Receive server push request, request = NotifySubscriberRequest, requestId = 17
20:56:08:378  INFO 15096 --- [nacos-grpc-client-executor-4] com.alibaba.nacos.common.remote.client   : [5546ceab-627b-4b7f-a6e5-5861f7844ea8] Ack server push request, request = NotifySubscriberRequest, requestId = 17
20:56:09:279  INFO 15096 --- [main] o.s.cloud.commons.util.InetUtils         : Cannot determine local hostname
20:56:10:475  INFO 15096 --- [main] o.s.cloud.commons.util.InetUtils         : Cannot determine local hostname
20:56:10:520  INFO 15096 --- [main] c.a.c.n.registry.NacosServiceRegistry    : nacos registry, DEFAULT_GROUP gateway 192.168.233.1:8080 register finished
20:56:10:552  INFO 15096 --- [main] com.anihub.gateway.GatewayApplication    : Started GatewayApplication in 14.947 seconds (JVM running for 15.757)
20:56:10:558  INFO 15096 --- [main] c.a.c.n.refresh.NacosContextRefresher    : [Nacos Config] Listening config: dataId=gateway.yaml, group=DEFAULT_GROUP
20:56:10:559  INFO 15096 --- [main] c.a.c.n.refresh.NacosContextRefresher    : [Nacos Config] Listening config: dataId=gateway-dev.yaml, group=DEFAULT_GROUP
20:56:10:560  INFO 15096 --- [main] c.a.c.n.refresh.NacosContextRefresher    : [Nacos Config] Listening config: dataId=gateway, group=DEFAULT_GROUP
20:56:11:053  INFO 15096 --- [nacos-grpc-client-executor-9] com.alibaba.nacos.common.remote.client   : [5546ceab-627b-4b7f-a6e5-5861f7844ea8] Receive server push request, request = NotifySubscriberRequest, requestId = 18
20:56:11:076  INFO 15096 --- [nacos-grpc-client-executor-9] com.alibaba.nacos.common.remote.client   : [5546ceab-627b-4b7f-a6e5-5861f7844ea8] Ack server push request, request = NotifySubscriberRequest, requestId = 18
21:01:35:978  WARN 15096 --- [Thread-5] c.a.nacos.common.notify.NotifyCenter     : [NotifyCenter] Start destroying Publisher
21:01:35:978  WARN 15096 --- [Thread-1] c.a.n.common.http.HttpClientBeanHolder   : [HttpClientBeanHolder] Start destroying common HttpClient
21:01:35:978  WARN 15096 --- [Thread-5] c.a.nacos.common.notify.NotifyCenter     : [NotifyCenter] Destruction of the end
21:01:35:979  WARN 15096 --- [Thread-1] c.a.n.common.http.HttpClientBeanHolder   : [HttpClientBeanHolder] Destruction of the end
21:01:36:019  INFO 15096 --- [SpringApplicationShutdownHook] c.a.c.n.registry.NacosServiceRegistry    : De-registering from Nacos Server now...
21:01:36:047  INFO 15096 --- [SpringApplicationShutdownHook] c.a.c.n.registry.NacosServiceRegistry    : De-registration finished.
21:01:36:374  INFO 15096 --- [SpringApplicationShutdownHook] com.alibaba.nacos.common.remote.client   : Shutdown rpc client, set status to shutdown
21:01:36:375  INFO 15096 --- [SpringApplicationShutdownHook] com.alibaba.nacos.common.remote.client   : Shutdown client event executor java.util.concurrent.ScheduledThreadPoolExecutor@2fe82108[Running, pool size = 2, active threads = 2, queued tasks = 0, completed tasks = 0]
21:01:36:375  INFO 15096 --- [SpringApplicationShutdownHook] com.alibaba.nacos.common.remote.client   : Close current connection 1717851367635_111.43.134.100_4026
21:01:36:379  INFO 15096 --- [SpringApplicationShutdownHook] c.a.n.c.remote.client.grpc.GrpcClient    : Shutdown grpc executor java.util.concurrent.ThreadPoolExecutor@77f0fb88[Running, pool size = 4, active threads = 0, queued tasks = 0, completed tasks = 77]
21:01:45:482  INFO 19544 --- [main] com.anihub.gateway.GatewayApplication    : The following 1 profile is active: "dev"
21:01:46:036  INFO 19544 --- [main] o.s.cloud.context.scope.GenericScope     : BeanFactory id=d23408c2-0609-3183-abd5-fab4da1864b8
21:01:46:081  INFO 19544 --- [main] trationDelegate$BeanPostProcessorChecker : Bean 'org.springframework.cloud.client.loadbalancer.reactive.LoadBalancerBeanPostProcessorAutoConfiguration' of type [org.springframework.cloud.client.loadbalancer.reactive.LoadBalancerBeanPostProcessorAutoConfiguration] is not eligible for getting processed by all BeanPostProcessors (for example: not eligible for auto-proxying)
21:01:46:081  INFO 19544 --- [main] trationDelegate$BeanPostProcessorChecker : Bean 'org.springframework.cloud.client.loadbalancer.reactive.LoadBalancerBeanPostProcessorAutoConfiguration$ReactorDeferringLoadBalancerFilterConfig' of type [org.springframework.cloud.client.loadbalancer.reactive.LoadBalancerBeanPostProcessorAutoConfiguration$ReactorDeferringLoadBalancerFilterConfig] is not eligible for getting processed by all BeanPostProcessors (for example: not eligible for auto-proxying)
21:01:46:084  INFO 19544 --- [main] trationDelegate$BeanPostProcessorChecker : Bean 'reactorDeferringLoadBalancerExchangeFilterFunction' of type [org.springframework.cloud.client.loadbalancer.reactive.DeferringLoadBalancerExchangeFilterFunction] is not eligible for getting processed by all BeanPostProcessors (for example: not eligible for auto-proxying)
21:01:48:080  INFO 19544 --- [main] o.s.cloud.commons.util.InetUtils         : Cannot determine local hostname
21:01:49:313  INFO 19544 --- [main] o.s.cloud.commons.util.InetUtils         : Cannot determine local hostname
21:01:49:547  INFO 19544 --- [main] o.s.c.g.r.RouteDefinitionRouteLocator    : Loaded RoutePredicateFactory [After]
21:01:49:548  INFO 19544 --- [main] o.s.c.g.r.RouteDefinitionRouteLocator    : Loaded RoutePredicateFactory [Before]
21:01:49:548  INFO 19544 --- [main] o.s.c.g.r.RouteDefinitionRouteLocator    : Loaded RoutePredicateFactory [Between]
21:01:49:548  INFO 19544 --- [main] o.s.c.g.r.RouteDefinitionRouteLocator    : Loaded RoutePredicateFactory [Cookie]
21:01:49:548  INFO 19544 --- [main] o.s.c.g.r.RouteDefinitionRouteLocator    : Loaded RoutePredicateFactory [Header]
21:01:49:548  INFO 19544 --- [main] o.s.c.g.r.RouteDefinitionRouteLocator    : Loaded RoutePredicateFactory [Host]
21:01:49:548  INFO 19544 --- [main] o.s.c.g.r.RouteDefinitionRouteLocator    : Loaded RoutePredicateFactory [Method]
21:01:49:548  INFO 19544 --- [main] o.s.c.g.r.RouteDefinitionRouteLocator    : Loaded RoutePredicateFactory [Path]
21:01:49:548  INFO 19544 --- [main] o.s.c.g.r.RouteDefinitionRouteLocator    : Loaded RoutePredicateFactory [Query]
21:01:49:548  INFO 19544 --- [main] o.s.c.g.r.RouteDefinitionRouteLocator    : Loaded RoutePredicateFactory [ReadBody]
21:01:49:548  INFO 19544 --- [main] o.s.c.g.r.RouteDefinitionRouteLocator    : Loaded RoutePredicateFactory [RemoteAddr]
21:01:49:548  INFO 19544 --- [main] o.s.c.g.r.RouteDefinitionRouteLocator    : Loaded RoutePredicateFactory [XForwardedRemoteAddr]
21:01:49:548  INFO 19544 --- [main] o.s.c.g.r.RouteDefinitionRouteLocator    : Loaded RoutePredicateFactory [Weight]
21:01:49:548  INFO 19544 --- [main] o.s.c.g.r.RouteDefinitionRouteLocator    : Loaded RoutePredicateFactory [CloudFoundryRouteService]
21:01:50:883  INFO 19544 --- [main] o.s.cloud.commons.util.InetUtils         : Cannot determine local hostname
21:01:51:396  INFO 19544 --- [main] com.alibaba.nacos.common.remote.client   : [RpcClientFactory] create a new rpc client of e2bd1312-fd97-431a-8b0b-50fa98877674
21:01:51:396  INFO 19544 --- [main] com.alibaba.nacos.common.remote.client   : [e2bd1312-fd97-431a-8b0b-50fa98877674] RpcClient init label, labels = {module=naming, source=sdk}
21:01:51:398  INFO 19544 --- [main] com.alibaba.nacos.common.remote.client   : [e2bd1312-fd97-431a-8b0b-50fa98877674] RpcClient init, ServerListFactory = com.alibaba.nacos.client.naming.core.ServerListManager
21:01:51:398  INFO 19544 --- [main] com.alibaba.nacos.common.remote.client   : [e2bd1312-fd97-431a-8b0b-50fa98877674] Registry connection listener to current client:com.alibaba.nacos.client.naming.remote.gprc.redo.NamingGrpcRedoService
21:01:51:399  INFO 19544 --- [main] com.alibaba.nacos.common.remote.client   : [e2bd1312-fd97-431a-8b0b-50fa98877674] Register server push request handler:com.alibaba.nacos.client.naming.remote.gprc.NamingPushRequestHandler
21:01:51:400  INFO 19544 --- [main] com.alibaba.nacos.common.remote.client   : [e2bd1312-fd97-431a-8b0b-50fa98877674] Try to connect to server on start up, server: {serverIp = '101.42.35.103', server main port = 8848}
21:01:51:601  INFO 19544 --- [main] com.alibaba.nacos.common.remote.client   : [e2bd1312-fd97-431a-8b0b-50fa98877674] Success to connect to server [101.42.35.103:8848] on start up, connectionId = 1717851711505_111.43.134.100_16082
21:01:51:601  INFO 19544 --- [main] com.alibaba.nacos.common.remote.client   : [e2bd1312-fd97-431a-8b0b-50fa98877674] Register server push request handler:com.alibaba.nacos.common.remote.client.RpcClient$ConnectResetRequestHandler
21:01:51:601  INFO 19544 --- [main] com.alibaba.nacos.common.remote.client   : [e2bd1312-fd97-431a-8b0b-50fa98877674] Register server push request handler:com.alibaba.nacos.common.remote.client.RpcClient$$Lambda$477/0x000001caaf4f7b88
21:01:51:601  INFO 19544 --- [com.alibaba.nacos.client.remote.worker] com.alibaba.nacos.common.remote.client   : [e2bd1312-fd97-431a-8b0b-50fa98877674] Notify connected event to listeners.
21:01:51:877  INFO 19544 --- [main] o.s.b.web.embedded.netty.NettyWebServer  : Netty started on port 8080
21:01:52:256  INFO 19544 --- [nacos-grpc-client-executor-4] com.alibaba.nacos.common.remote.client   : [e2bd1312-fd97-431a-8b0b-50fa98877674] Receive server push request, request = NotifySubscriberRequest, requestId = 20
21:01:52:270  INFO 19544 --- [nacos-grpc-client-executor-4] com.alibaba.nacos.common.remote.client   : [e2bd1312-fd97-431a-8b0b-50fa98877674] Ack server push request, request = NotifySubscriberRequest, requestId = 20
21:01:53:066  INFO 19544 --- [main] o.s.cloud.commons.util.InetUtils         : Cannot determine local hostname
21:01:54:257  INFO 19544 --- [main] o.s.cloud.commons.util.InetUtils         : Cannot determine local hostname
21:01:54:300  INFO 19544 --- [main] c.a.c.n.registry.NacosServiceRegistry    : nacos registry, DEFAULT_GROUP gateway 192.168.233.1:8080 register finished
21:01:54:313  INFO 19544 --- [main] com.anihub.gateway.GatewayApplication    : Started GatewayApplication in 13.697 seconds (JVM running for 14.326)
21:01:54:318  INFO 19544 --- [main] c.a.c.n.refresh.NacosContextRefresher    : [Nacos Config] Listening config: dataId=gateway.yaml, group=DEFAULT_GROUP
21:01:54:319  INFO 19544 --- [main] c.a.c.n.refresh.NacosContextRefresher    : [Nacos Config] Listening config: dataId=gateway-dev.yaml, group=DEFAULT_GROUP
21:01:54:319  INFO 19544 --- [main] c.a.c.n.refresh.NacosContextRefresher    : [Nacos Config] Listening config: dataId=gateway, group=DEFAULT_GROUP
21:01:54:839  INFO 19544 --- [nacos-grpc-client-executor-8] com.alibaba.nacos.common.remote.client   : [e2bd1312-fd97-431a-8b0b-50fa98877674] Receive server push request, request = NotifySubscriberRequest, requestId = 21
21:01:54:853  INFO 19544 --- [nacos-grpc-client-executor-8] com.alibaba.nacos.common.remote.client   : [e2bd1312-fd97-431a-8b0b-50fa98877674] Ack server push request, request = NotifySubscriberRequest, requestId = 21
21:03:18:724  WARN 19544 --- [Thread-5] c.a.nacos.common.notify.NotifyCenter     : [NotifyCenter] Start destroying Publisher
21:03:18:724  WARN 19544 --- [Thread-1] c.a.n.common.http.HttpClientBeanHolder   : [HttpClientBeanHolder] Start destroying common HttpClient
21:03:18:724  WARN 19544 --- [Thread-5] c.a.nacos.common.notify.NotifyCenter     : [NotifyCenter] Destruction of the end
21:03:18:725  WARN 19544 --- [Thread-1] c.a.n.common.http.HttpClientBeanHolder   : [HttpClientBeanHolder] Destruction of the end
21:03:18:770  INFO 19544 --- [SpringApplicationShutdownHook] c.a.c.n.registry.NacosServiceRegistry    : De-registering from Nacos Server now...
21:03:18:801  INFO 19544 --- [SpringApplicationShutdownHook] c.a.c.n.registry.NacosServiceRegistry    : De-registration finished.
21:03:19:130  INFO 19544 --- [SpringApplicationShutdownHook] com.alibaba.nacos.common.remote.client   : Shutdown rpc client, set status to shutdown
21:03:19:130  INFO 19544 --- [SpringApplicationShutdownHook] com.alibaba.nacos.common.remote.client   : Shutdown client event executor java.util.concurrent.ScheduledThreadPoolExecutor@68231f59[Running, pool size = 2, active threads = 2, queued tasks = 0, completed tasks = 0]
21:03:19:131  INFO 19544 --- [SpringApplicationShutdownHook] com.alibaba.nacos.common.remote.client   : Close current connection 1717851711505_111.43.134.100_16082
21:03:19:136  INFO 19544 --- [SpringApplicationShutdownHook] c.a.n.c.remote.client.grpc.GrpcClient    : Shutdown grpc executor java.util.concurrent.ThreadPoolExecutor@6f788df7[Running, pool size = 4, active threads = 0, queued tasks = 0, completed tasks = 27]
21:03:28:606  INFO 15440 --- [main] com.anihub.gateway.GatewayApplication    : The following 1 profile is active: "dev"
21:03:29:176  INFO 15440 --- [main] o.s.cloud.context.scope.GenericScope     : BeanFactory id=d23408c2-0609-3183-abd5-fab4da1864b8
21:03:29:242  INFO 15440 --- [main] trationDelegate$BeanPostProcessorChecker : Bean 'org.springframework.cloud.client.loadbalancer.reactive.LoadBalancerBeanPostProcessorAutoConfiguration' of type [org.springframework.cloud.client.loadbalancer.reactive.LoadBalancerBeanPostProcessorAutoConfiguration] is not eligible for getting processed by all BeanPostProcessors (for example: not eligible for auto-proxying)
21:03:29:242  INFO 15440 --- [main] trationDelegate$BeanPostProcessorChecker : Bean 'org.springframework.cloud.client.loadbalancer.reactive.LoadBalancerBeanPostProcessorAutoConfiguration$ReactorDeferringLoadBalancerFilterConfig' of type [org.springframework.cloud.client.loadbalancer.reactive.LoadBalancerBeanPostProcessorAutoConfiguration$ReactorDeferringLoadBalancerFilterConfig] is not eligible for getting processed by all BeanPostProcessors (for example: not eligible for auto-proxying)
21:03:29:243  INFO 15440 --- [main] trationDelegate$BeanPostProcessorChecker : Bean 'reactorDeferringLoadBalancerExchangeFilterFunction' of type [org.springframework.cloud.client.loadbalancer.reactive.DeferringLoadBalancerExchangeFilterFunction] is not eligible for getting processed by all BeanPostProcessors (for example: not eligible for auto-proxying)
21:03:31:240  INFO 15440 --- [main] o.s.cloud.commons.util.InetUtils         : Cannot determine local hostname
21:03:32:446  INFO 15440 --- [main] o.s.cloud.commons.util.InetUtils         : Cannot determine local hostname
21:03:32:691  INFO 15440 --- [main] o.s.c.g.r.RouteDefinitionRouteLocator    : Loaded RoutePredicateFactory [After]
21:03:32:691  INFO 15440 --- [main] o.s.c.g.r.RouteDefinitionRouteLocator    : Loaded RoutePredicateFactory [Before]
21:03:32:692  INFO 15440 --- [main] o.s.c.g.r.RouteDefinitionRouteLocator    : Loaded RoutePredicateFactory [Between]
21:03:32:692  INFO 15440 --- [main] o.s.c.g.r.RouteDefinitionRouteLocator    : Loaded RoutePredicateFactory [Cookie]
21:03:32:692  INFO 15440 --- [main] o.s.c.g.r.RouteDefinitionRouteLocator    : Loaded RoutePredicateFactory [Header]
21:03:32:692  INFO 15440 --- [main] o.s.c.g.r.RouteDefinitionRouteLocator    : Loaded RoutePredicateFactory [Host]
21:03:32:692  INFO 15440 --- [main] o.s.c.g.r.RouteDefinitionRouteLocator    : Loaded RoutePredicateFactory [Method]
21:03:32:692  INFO 15440 --- [main] o.s.c.g.r.RouteDefinitionRouteLocator    : Loaded RoutePredicateFactory [Path]
21:03:32:692  INFO 15440 --- [main] o.s.c.g.r.RouteDefinitionRouteLocator    : Loaded RoutePredicateFactory [Query]
21:03:32:692  INFO 15440 --- [main] o.s.c.g.r.RouteDefinitionRouteLocator    : Loaded RoutePredicateFactory [ReadBody]
21:03:32:692  INFO 15440 --- [main] o.s.c.g.r.RouteDefinitionRouteLocator    : Loaded RoutePredicateFactory [RemoteAddr]
21:03:32:692  INFO 15440 --- [main] o.s.c.g.r.RouteDefinitionRouteLocator    : Loaded RoutePredicateFactory [XForwardedRemoteAddr]
21:03:32:692  INFO 15440 --- [main] o.s.c.g.r.RouteDefinitionRouteLocator    : Loaded RoutePredicateFactory [Weight]
21:03:32:692  INFO 15440 --- [main] o.s.c.g.r.RouteDefinitionRouteLocator    : Loaded RoutePredicateFactory [CloudFoundryRouteService]
21:03:34:040  INFO 15440 --- [main] o.s.cloud.commons.util.InetUtils         : Cannot determine local hostname
21:03:34:502  INFO 15440 --- [main] com.alibaba.nacos.common.remote.client   : [RpcClientFactory] create a new rpc client of 052997c2-4c80-4666-b414-d3d724be6350
21:03:34:502  INFO 15440 --- [main] com.alibaba.nacos.common.remote.client   : [052997c2-4c80-4666-b414-d3d724be6350] RpcClient init label, labels = {module=naming, source=sdk}
21:03:34:503  INFO 15440 --- [main] com.alibaba.nacos.common.remote.client   : [052997c2-4c80-4666-b414-d3d724be6350] RpcClient init, ServerListFactory = com.alibaba.nacos.client.naming.core.ServerListManager
21:03:34:503  INFO 15440 --- [main] com.alibaba.nacos.common.remote.client   : [052997c2-4c80-4666-b414-d3d724be6350] Registry connection listener to current client:com.alibaba.nacos.client.naming.remote.gprc.redo.NamingGrpcRedoService
21:03:34:503  INFO 15440 --- [main] com.alibaba.nacos.common.remote.client   : [052997c2-4c80-4666-b414-d3d724be6350] Register server push request handler:com.alibaba.nacos.client.naming.remote.gprc.NamingPushRequestHandler
21:03:34:504  INFO 15440 --- [main] com.alibaba.nacos.common.remote.client   : [052997c2-4c80-4666-b414-d3d724be6350] Try to connect to server on start up, server: {serverIp = '101.42.35.103', server main port = 8848}
21:03:34:712  INFO 15440 --- [main] com.alibaba.nacos.common.remote.client   : [052997c2-4c80-4666-b414-d3d724be6350] Success to connect to server [101.42.35.103:8848] on start up, connectionId = 1717851814612_111.43.134.100_18968
21:03:34:712  INFO 15440 --- [main] com.alibaba.nacos.common.remote.client   : [052997c2-4c80-4666-b414-d3d724be6350] Register server push request handler:com.alibaba.nacos.common.remote.client.RpcClient$ConnectResetRequestHandler
21:03:34:712  INFO 15440 --- [main] com.alibaba.nacos.common.remote.client   : [052997c2-4c80-4666-b414-d3d724be6350] Register server push request handler:com.alibaba.nacos.common.remote.client.RpcClient$$Lambda$477/0x000001f6154f7b78
21:03:34:712  INFO 15440 --- [com.alibaba.nacos.client.remote.worker] com.alibaba.nacos.common.remote.client   : [052997c2-4c80-4666-b414-d3d724be6350] Notify connected event to listeners.
21:03:34:985  INFO 15440 --- [main] o.s.b.web.embedded.netty.NettyWebServer  : Netty started on port 8080
21:03:35:340  INFO 15440 --- [nacos-grpc-client-executor-4] com.alibaba.nacos.common.remote.client   : [052997c2-4c80-4666-b414-d3d724be6350] Receive server push request, request = NotifySubscriberRequest, requestId = 22
21:03:35:352  INFO 15440 --- [nacos-grpc-client-executor-4] com.alibaba.nacos.common.remote.client   : [052997c2-4c80-4666-b414-d3d724be6350] Ack server push request, request = NotifySubscriberRequest, requestId = 22
21:03:36:173  INFO 15440 --- [main] o.s.cloud.commons.util.InetUtils         : Cannot determine local hostname
21:03:37:362  INFO 15440 --- [main] o.s.cloud.commons.util.InetUtils         : Cannot determine local hostname
21:03:37:405  INFO 15440 --- [main] c.a.c.n.registry.NacosServiceRegistry    : nacos registry, DEFAULT_GROUP gateway 192.168.233.1:8080 register finished
21:03:37:432  INFO 15440 --- [main] com.anihub.gateway.GatewayApplication    : Started GatewayApplication in 13.693 seconds (JVM running for 14.416)
21:03:37:437  INFO 15440 --- [main] c.a.c.n.refresh.NacosContextRefresher    : [Nacos Config] Listening config: dataId=gateway.yaml, group=DEFAULT_GROUP
21:03:37:438  INFO 15440 --- [main] c.a.c.n.refresh.NacosContextRefresher    : [Nacos Config] Listening config: dataId=gateway-dev.yaml, group=DEFAULT_GROUP
21:03:37:438  INFO 15440 --- [main] c.a.c.n.refresh.NacosContextRefresher    : [Nacos Config] Listening config: dataId=gateway, group=DEFAULT_GROUP
21:03:37:919  INFO 15440 --- [nacos-grpc-client-executor-9] com.alibaba.nacos.common.remote.client   : [052997c2-4c80-4666-b414-d3d724be6350] Receive server push request, request = NotifySubscriberRequest, requestId = 23
21:03:37:938  INFO 15440 --- [nacos-grpc-client-executor-9] com.alibaba.nacos.common.remote.client   : [052997c2-4c80-4666-b414-d3d724be6350] Ack server push request, request = NotifySubscriberRequest, requestId = 23
21:03:57:035  INFO 15440 --- [nacos-grpc-client-executor-14] com.alibaba.nacos.common.remote.client   : [052997c2-4c80-4666-b414-d3d724be6350] Receive server push request, request = NotifySubscriberRequest, requestId = 24
21:03:57:036  INFO 15440 --- [nacos-grpc-client-executor-14] com.alibaba.nacos.common.remote.client   : [052997c2-4c80-4666-b414-d3d724be6350] Ack server push request, request = NotifySubscriberRequest, requestId = 24
21:04:08:821  WARN 15440 --- [Thread-1] c.a.n.common.http.HttpClientBeanHolder   : [HttpClientBeanHolder] Start destroying common HttpClient
21:04:08:821  WARN 15440 --- [Thread-5] c.a.nacos.common.notify.NotifyCenter     : [NotifyCenter] Start destroying Publisher
21:04:08:822  WARN 15440 --- [Thread-5] c.a.nacos.common.notify.NotifyCenter     : [NotifyCenter] Destruction of the end
21:04:08:822  WARN 15440 --- [Thread-1] c.a.n.common.http.HttpClientBeanHolder   : [HttpClientBeanHolder] Destruction of the end
21:04:08:869  INFO 15440 --- [SpringApplicationShutdownHook] c.a.c.n.registry.NacosServiceRegistry    : De-registering from Nacos Server now...
21:04:08:900  INFO 15440 --- [SpringApplicationShutdownHook] c.a.c.n.registry.NacosServiceRegistry    : De-registration finished.
21:04:09:219  INFO 15440 --- [SpringApplicationShutdownHook] com.alibaba.nacos.common.remote.client   : Shutdown rpc client, set status to shutdown
21:04:09:219  INFO 15440 --- [SpringApplicationShutdownHook] com.alibaba.nacos.common.remote.client   : Shutdown client event executor java.util.concurrent.ScheduledThreadPoolExecutor@31f7426e[Running, pool size = 2, active threads = 2, queued tasks = 0, completed tasks = 0]
21:04:09:219  INFO 15440 --- [SpringApplicationShutdownHook] com.alibaba.nacos.common.remote.client   : Close current connection 1717851814612_111.43.134.100_18968
21:04:09:225  INFO 15440 --- [SpringApplicationShutdownHook] c.a.n.c.remote.client.grpc.GrpcClient    : Shutdown grpc executor java.util.concurrent.ThreadPoolExecutor@5fe6a964[Running, pool size = 3, active threads = 0, queued tasks = 0, completed tasks = 19]
